{"/home/webreflection/code/interface/interface.js":{"path":"/home/webreflection/code/interface/interface.js","s":{"1":2,"2":2,"3":1,"4":1,"5":1,"6":1,"7":1,"8":2,"9":2,"10":1,"11":1,"12":1,"13":1,"14":1,"15":4,"16":1,"17":3,"18":3,"19":3,"20":1,"21":2,"22":2,"23":2,"24":1,"25":3,"26":5,"27":3},"b":{"1":[1,1],"2":[1,1],"3":[1,3]},"f":{"1":2,"2":2,"3":2,"4":4,"5":2,"6":3},"fnMap":{"1":{"name":"(anonymous_1)","line":2,"loc":{"start":{"line":2,"column":1},"end":{"line":2,"column":20}}},"2":{"name":"Interface","line":12,"loc":{"start":{"line":12,"column":2},"end":{"line":12,"column":23}}},"3":{"name":"augmentFunction","line":15,"loc":{"start":{"line":15,"column":2},"end":{"line":15,"column":50}}},"4":{"name":"augmentObject","line":26,"loc":{"start":{"line":26,"column":2},"end":{"line":26,"column":48}}},"5":{"name":"(anonymous_5)","line":45,"loc":{"start":{"line":45,"column":15},"end":{"line":45,"column":27}}},"6":{"name":"(anonymous_6)","line":63,"loc":{"start":{"line":63,"column":13},"end":{"line":63,"column":25}}}},"statementMap":{"1":{"start":{"line":2,"column":0},"end":{"line":77,"column":40}},"2":{"start":{"line":4,"column":2},"end":{"line":4,"column":32}},"3":{"start":{"line":4,"column":25},"end":{"line":4,"column":32}},"4":{"start":{"line":6,"column":2},"end":{"line":10,"column":3}},"5":{"start":{"line":12,"column":2},"end":{"line":12,"column":25}},"6":{"start":{"line":13,"column":2},"end":{"line":13,"column":39}},"7":{"start":{"line":15,"column":2},"end":{"line":24,"column":3}},"8":{"start":{"line":16,"column":4},"end":{"line":16,"column":43}},"9":{"start":{"line":17,"column":4},"end":{"line":23,"column":5}},"10":{"start":{"line":18,"column":6},"end":{"line":18,"column":35}},"11":{"start":{"line":19,"column":6},"end":{"line":19,"column":31}},"12":{"start":{"line":20,"column":6},"end":{"line":20,"column":60}},"13":{"start":{"line":22,"column":6},"end":{"line":22,"column":66}},"14":{"start":{"line":26,"column":2},"end":{"line":39,"column":3}},"15":{"start":{"line":27,"column":4},"end":{"line":38,"column":5}},"16":{"start":{"line":28,"column":6},"end":{"line":28,"column":40}},"17":{"start":{"line":30,"column":6},"end":{"line":36,"column":7}},"18":{"start":{"line":35,"column":8},"end":{"line":35,"column":48}},"19":{"start":{"line":37,"column":6},"end":{"line":37,"column":31}},"20":{"start":{"line":41,"column":2},"end":{"line":57,"column":4}},"21":{"start":{"line":46,"column":10},"end":{"line":53,"column":11}},"22":{"start":{"line":52,"column":12},"end":{"line":52,"column":50}},"23":{"start":{"line":54,"column":10},"end":{"line":54,"column":24}},"24":{"start":{"line":59,"column":2},"end":{"line":75,"column":4}},"25":{"start":{"line":64,"column":8},"end":{"line":71,"column":9}},"26":{"start":{"line":70,"column":10},"end":{"line":70,"column":39}},"27":{"start":{"line":72,"column":8},"end":{"line":72,"column":21}}},"branchMap":{"1":{"line":4,"type":"if","locations":[{"start":{"line":4,"column":2},"end":{"line":4,"column":2}},{"start":{"line":4,"column":2},"end":{"line":4,"column":2}}]},"2":{"line":17,"type":"if","locations":[{"start":{"line":17,"column":4},"end":{"line":17,"column":4}},{"start":{"line":17,"column":4},"end":{"line":17,"column":4}}]},"3":{"line":27,"type":"if","locations":[{"start":{"line":27,"column":4},"end":{"line":27,"column":4}},{"start":{"line":27,"column":4},"end":{"line":27,"column":4}}]}}}}