TN:
SF:/home/webreflection/code/interface/interface.js
FN:2,(anonymous_1)
FN:12,Interface
FN:15,augmentFunction
FN:26,augmentObject
FN:41,classInterface
FN:50,objectInterface
FN:63,(anonymous_7)
FN:81,(anonymous_8)
FNF:8
FNH:8
FNDA:2,(anonymous_1)
FNDA:2,Interface
FNDA:2,augmentFunction
FNDA:4,augmentObject
FNDA:1,classInterface
FNDA:2,objectInterface
FNDA:2,(anonymous_7)
FNDA:3,(anonymous_8)
DA:2,2
DA:4,2
DA:6,1
DA:12,1
DA:13,1
DA:15,1
DA:16,2
DA:17,2
DA:18,1
DA:19,1
DA:20,1
DA:22,1
DA:26,1
DA:27,4
DA:28,1
DA:30,3
DA:35,3
DA:37,3
DA:41,1
DA:42,1
DA:47,1
DA:50,1
DA:51,2
DA:56,2
DA:59,1
DA:64,2
DA:70,2
DA:72,2
DA:77,1
DA:82,3
LF:30
LH:30
BRDA:4,1,0,1
BRDA:4,1,1,1
BRDA:17,2,0,1
BRDA:17,2,1,1
BRDA:27,3,0,1
BRDA:27,3,1,3
BRDA:82,4,0,1
BRDA:82,4,1,2
BRF:8
BRH:8
end_of_record
