TN:
SF:/home/webreflection/code/interface/interface.js
FN:2,(anonymous_1)
FN:12,Interface
FN:15,augmentFunction
FN:26,augmentObject
FN:45,(anonymous_5)
FN:63,(anonymous_6)
FNF:6
FNH:6
FNDA:2,(anonymous_1)
FNDA:2,Interface
FNDA:2,augmentFunction
FNDA:4,augmentObject
FNDA:2,(anonymous_5)
FNDA:3,(anonymous_6)
DA:2,2
DA:4,2
DA:6,1
DA:12,1
DA:13,1
DA:15,1
DA:16,2
DA:17,2
DA:18,1
DA:19,1
DA:20,1
DA:22,1
DA:26,1
DA:27,4
DA:28,1
DA:30,3
DA:35,3
DA:37,3
DA:41,1
DA:46,2
DA:52,2
DA:54,2
DA:59,1
DA:64,3
DA:70,5
DA:72,3
LF:26
LH:26
BRDA:4,1,0,1
BRDA:4,1,1,1
BRDA:17,2,0,1
BRDA:17,2,1,1
BRDA:27,3,0,1
BRDA:27,3,1,3
BRF:6
BRH:6
end_of_record
